mktextfm bsmiu6b
mktextfm bsmiu9a
mktextfm bsmiu4e
mktextfm bsmiu65
mktextfm bsmiu6e
mktextfm bsmiu8a
mktextfm bsmiu30
mktextfm bsmiu6b
mktextfm bsmiu9a
mktextfm bsmiu4e
mktextfm bsmiu65
mktextfm bsmiu6e
mktextfm bsmiu8a
mktextfm bsmiu30
mktextfm bsmiu4e
mktextfm bsmiu65
mktextfm bsmiu4e
mktextfm bsmiu65
mktextfm bsmiu4e
mktextfm bsmiu65
mktextfm bsmiu4e
mktextfm bsmiu65
mktextfm cyberb65
mktextfm bsmiu4e
mktextfm bsmiu4e
mktextfm bsmiu65
mktextfm bsmiu6b
mktextfm bsmiu9a
mktextfm bsmiu4e
mktextfm bsmiu65
mktextfm bsmiu6e
mktextfm bsmiu8a
mktextfm bsmiu30
mktextfm bsmiu6b
mktextfm bsmiu9a
mktextfm bsmiu4e
mktextfm bsmiu65
mktextfm bsmiu6e
mktextfm bsmiu8a
mktextfm bsmiu30
mktextfm bsmiu6b
mktextfm bsmiu9a
mktextfm bsmiu4e
mktextfm bsmiu65
mktextfm bsmiu6e
mktextfm bsmiu8a
mktextfm bsmiu30
mktextfm bsmiu6b
mktextfm bsmiu9a
mktextfm bsmiu4e
mktextfm bsmiu65
mktextfm bsmiu6e
mktextfm bsmiu8a
mktextfm bsmiu30
mktextfm bsmiu4e
mktextfm bsmiu65
mktextfm cyberb65
mktextfm phvrc8t
mktextfm phvrc8t
mktextfm ecrm1200
mktextfm ecrm1200
mktextfm ecrm1200
mktextfm ecrm1200
mktextfm ecrm1200
mktextfm ecrm1200
mktextfm ecrm1200
mktextfm Scheherazade
mktextfm Gentium
mktextfm Scheherazade
mktextfm Gentium
mktextfm Helvetica
mktextfm Helvetica
mktextfm Helvetica
mktextfm Helvetica/BI
mktextfm Helvetica
mktextfm Helvetica/B
mktextfm Helvetica
mktextfm Helvetica/I
mktextfm Helvetica
mktextfm Helvetica
mktextfm Code2000
mktextfm Code2000
mktextfm Code2000
mktextfm Code2000/BI
mktextfm Code2000
mktextfm Code2000/B
mktextfm Code2000
mktextfm Code2000/I
mktextfm Code2000
mktextfm Code2000
mktextfm Helvetica
mktextfm Helvetica
mktextfm Helvetica
mktextfm Helvetica/BI
mktextfm Helvetica
mktextfm Helvetica/B
mktextfm Helvetica
mktextfm Helvetica/I
mktextfm Helvetica
mktextfm Helvetica
mktextfm Code2000
mktextfm Code2000
mktextfm Code2000
mktextfm Code2000/BI
mktextfm Code2000
mktextfm Code2000/B
mktextfm Code2000
mktextfm Code2000/I
mktextfm Code2000
mktextfm Code2000
mktextfm Helvetica
mktextfm Helvetica
mktextfm Helvetica
mktextfm Helvetica/BI
mktextfm Helvetica
mktextfm Helvetica/B
mktextfm Helvetica
mktextfm Helvetica/I
mktextfm Helvetica
mktextfm Helvetica
mktextfm Code2000
mktextfm Code2000
mktextfm Code2000
mktextfm Code2000/BI
mktextfm Code2000
mktextfm Code2000/B
mktextfm Code2000
mktextfm Code2000/I
mktextfm Code2000
mktextfm Code2000
mktextfm wqy-microhei
mktextfm wqy-microhei
mktextfm wqy-microhei
mktextfm wqy-microhei/BI
mktextfm wqy-microhei
mktextfm wqy-microhei/B
mktextfm wqy-microhei
mktextfm wqy-microhei/I
mktextfm wqy-microhei
mktextfm wqy-microhei
mktextfm BroadwayFreeSeris
mktextfm BroadwayFreeSeris
mktextfm BroadwayFreeSeris
mktextfm BroadwayFreeSeris/BI
mktextfm BroadwayFreeSeris
mktextfm BroadwayFreeSeris/B
mktextfm BroadwayFreeSeris
mktextfm BroadwayFreeSeris/I
mktextfm BroadwayFreeSeris
mktextfm BroadwayFreeSeris
mktextfm BroadwayFreeSeris
mktextfm BroadwayFreeSeris
mktextfm BroadwayFreeSeris
mktextfm BroadwayFreeSeris
mktextfm BroadwayFreeSeris
mktextfm BroadwayFreeSeris
mktextfm BroadwayFreeSeris
mktextfm BroadwayFreeSeris
mktextfm BroadwayFreeSeris/BI
mktextfm BroadwayFreeSeris
mktextfm BroadwayFreeSeris/B
mktextfm BroadwayFreeSeris
mktextfm BroadwayFreeSeris/I
mktextfm BroadwayFreeSeris
mktextfm BroadwayFreeSeris
mktextfm BroadwayFreeSeris
mktextfm BroadwayFreeSeris
mktextfm BroadwayFreeSeris
mktextfm BroadwayFreeSeris
mktextfm BroadwayFreeSeris
mktextfm ZhFont
mktextfm ZhFont
mktextfm ZhFont
mktextfm ZhFont/BI
mktextfm ZhFont
mktextfm ZhFont/B
mktextfm ZhFont
mktextfm ZhFont/I
mktextfm ZhFont
mktextfm ZhFont
mktextfm ZhFont
mktextfm ZhFont
mktextfm ZhFont
mktextfm ZhFont
mktextfm ZhFont
mktextfm ZhFont/BI
mktextfm ZhFont
mktextfm ZhFont/B
mktextfm ZhFont
mktextfm ZhFont/I
mktextfm ZhFont
mktextfm ZhFont
mktextfm ZhFont
mktextfm ZhFont
mktextfm ZhFont
mktextfm ZhFont
mktextfm ZhFont
mktextfm ZhFont/BI
mktextfm ZhFont
mktextfm ZhFont/B
mktextfm ZhFont
mktextfm ZhFont/I
mktextfm ZhFont
mktextfm ZhFont
mktextfm ZhFont
mktextfm ZhFont
mktextfm ZhFont
mktextfm ZhFont
mktextfm ZhFont
mktextfm ZhFont/BI
mktextfm ZhFont
mktextfm ZhFont/B
mktextfm ZhFont
mktextfm ZhFont/I
mktextfm ZhFont
mktextfm ZhFont
